<?xml version="1.0" encoding="UTF-8"?>
<!-- Generated by org.testng.reporters.JUnitReportReporter -->
<testsuite hostname="DESKTOP-S9BKCPU" name="Practice.Appium_Framework.SignoutTest" tests="1" failures="0" timestamp="10 Sep 2020 19:42:12 GMT" time="15.768" errors="0">
  <testcase name="SignOutApp" time="15.768" classname="Practice.Appium_Framework.SignoutTest"/>
</testsuite> <!-- Practice.Appium_Framework.SignoutTest -->
