<?xml version="1.0" encoding="UTF-8"?>
<!-- Generated by org.testng.reporters.JUnitReportReporter -->
<testsuite hostname="DESKTOP-S9BKCPU" name="Practice.Appium_Framework.MyCoursesTest" tests="1" failures="0" timestamp="10 Sep 2020 19:42:12 GMT" time="18.552" errors="0">
  <testcase name="selectAndVerifyCourse" time="18.552" classname="Practice.Appium_Framework.MyCoursesTest"/>
</testsuite> <!-- Practice.Appium_Framework.MyCoursesTest -->
