<?xml version="1.0" encoding="UTF-8"?>
<!-- Generated by org.testng.reporters.JUnitReportReporter -->
<testsuite hostname="DESKTOP-S9BKCPU" name="Practice.Appium_Framework.SigninTest" tests="2" failures="0" timestamp="10 Sep 2020 19:42:12 GMT" time="28.200" errors="0">
  <testcase name="OpenApp" time="9.228" classname="Practice.Appium_Framework.SigninTest"/>
  <testcase name="signIn" time="18.972" classname="Practice.Appium_Framework.SigninTest"/>
</testsuite> <!-- Practice.Appium_Framework.SigninTest -->
